21-May-2025 10:13:17.261 INFO [main] org.apache.catalina.startup.VersionLoggerListener.log Server version name:   Apache Tomcat/9.0.104
21-May-2025 10:13:17.272 INFO [main] org.apache.catalina.startup.VersionLoggerListener.log Server built:          Apr 4 2025 12:32:55 UTC
21-May-2025 10:13:17.273 INFO [main] org.apache.catalina.startup.VersionLoggerListener.log Server version number: 9.0.104.0
21-May-2025 10:13:17.273 INFO [main] org.apache.catalina.startup.VersionLoggerListener.log OS Name:               Windows 11
21-May-2025 10:13:17.273 INFO [main] org.apache.catalina.startup.VersionLoggerListener.log OS Version:            10.0
21-May-2025 10:13:17.273 INFO [main] org.apache.catalina.startup.VersionLoggerListener.log Architecture:          amd64
21-May-2025 10:13:17.273 INFO [main] org.apache.catalina.startup.VersionLoggerListener.log Java Home:             C:\Program Files\Java\jdk-22
21-May-2025 10:13:17.273 INFO [main] org.apache.catalina.startup.VersionLoggerListener.log JVM Version:           22.0.2+9-70
21-May-2025 10:13:17.273 INFO [main] org.apache.catalina.startup.VersionLoggerListener.log JVM Vendor:            Oracle Corporation
21-May-2025 10:13:17.274 INFO [main] org.apache.catalina.startup.VersionLoggerListener.log CATALINA_BASE:         C:\Users\user\Desktop\final one\Movie
21-May-2025 10:13:17.274 INFO [main] org.apache.catalina.startup.VersionLoggerListener.log CATALINA_HOME:         D:\Software\apache-tomcat-9.0.104
21-May-2025 10:13:17.287 INFO [main] org.apache.catalina.startup.VersionLoggerListener.log Command line argument: --add-opens=java.base/java.lang=ALL-UNNAMED
21-May-2025 10:13:17.287 INFO [main] org.apache.catalina.startup.VersionLoggerListener.log Command line argument: --add-opens=java.base/java.io=ALL-UNNAMED
21-May-2025 10:13:17.287 INFO [main] org.apache.catalina.startup.VersionLoggerListener.log Command line argument: --add-opens=java.base/java.util=ALL-UNNAMED
21-May-2025 10:13:17.287 INFO [main] org.apache.catalina.startup.VersionLoggerListener.log Command line argument: --add-opens=java.base/java.util.concurrent=ALL-UNNAMED
21-May-2025 10:13:17.288 INFO [main] org.apache.catalina.startup.VersionLoggerListener.log Command line argument: --add-opens=java.rmi/sun.rmi.transport=ALL-UNNAMED
21-May-2025 10:13:17.288 INFO [main] org.apache.catalina.startup.VersionLoggerListener.log Command line argument: -agentlib:jdwp=transport=dt_socket,address=127.0.0.1:51566,suspend=y,server=n
21-May-2025 10:13:17.288 INFO [main] org.apache.catalina.startup.VersionLoggerListener.log Command line argument: -Dcatalina.home=D:\Software\apache-tomcat-9.0.104
21-May-2025 10:13:17.288 INFO [main] org.apache.catalina.startup.VersionLoggerListener.log Command line argument: -Dcatalina.base=C:\Users\user\Desktop\final one\Movie
21-May-2025 10:13:17.288 INFO [main] org.apache.catalina.startup.VersionLoggerListener.log Command line argument: -Djava.io.tmpdir=C:\Users\user\Desktop\final one\Movie\temp
21-May-2025 10:13:17.288 INFO [main] org.apache.catalina.startup.VersionLoggerListener.log Command line argument: -Djava.util.logging.config.file=C:\Users\user\Desktop\final one\Movie\conf\logging.properties
21-May-2025 10:13:17.289 INFO [main] org.apache.catalina.startup.VersionLoggerListener.log Command line argument: -Djava.util.logging.manager=org.apache.juli.ClassLoaderLogManager
21-May-2025 10:13:17.289 INFO [main] org.apache.catalina.startup.VersionLoggerListener.log Command line argument: -javaagent:C:\Users\user\AppData\Local\JetBrains\IntelliJIdea2024.3\captureAgent\debugger-agent.jar
21-May-2025 10:13:17.289 INFO [main] org.apache.catalina.startup.VersionLoggerListener.log Command line argument: -Dkotlinx.coroutines.debug.enable.creation.stack.trace=false
21-May-2025 10:13:17.289 INFO [main] org.apache.catalina.startup.VersionLoggerListener.log Command line argument: -Ddebugger.agent.enable.coroutines=true
21-May-2025 10:13:17.289 INFO [main] org.apache.catalina.startup.VersionLoggerListener.log Command line argument: -Dkotlinx.coroutines.debug.enable.flows.stack.trace=true
21-May-2025 10:13:17.289 INFO [main] org.apache.catalina.startup.VersionLoggerListener.log Command line argument: -Dkotlinx.coroutines.debug.enable.mutable.state.flows.stack.trace=true
21-May-2025 10:13:17.289 INFO [main] org.apache.catalina.startup.VersionLoggerListener.log Command line argument: -Dfile.encoding=UTF-8
21-May-2025 10:13:17.289 INFO [main] org.apache.catalina.startup.VersionLoggerListener.log Command line argument: -Dsun.stdout.encoding=UTF-8
21-May-2025 10:13:17.289 INFO [main] org.apache.catalina.startup.VersionLoggerListener.log Command line argument: -Dsun.stderr.encoding=UTF-8
21-May-2025 10:13:17.294 INFO [main] org.apache.catalina.core.AprLifecycleListener.lifecycleEvent The Apache Tomcat Native library which allows using OpenSSL was not found on the java.library.path: [C:\Program Files\Java\jdk-22\bin;C:\Windows\Sun\Java\bin;C:\Windows\system32;C:\Windows;C:\Program Files\Common Files\Oracle\Java\javapath;C:\Program Files (x86)\Common Files\Oracle\Java\java8path;C:\Program Files (x86)\Common Files\Oracle\Java\javapath;C:\Windows\system32;C:\Windows;C:\Windows\System32\Wbem;C:\Windows\System32\WindowsPowerShell\v1.0\;C:\Windows\System32\OpenSSH\;C:\Program Files (x86)\NVIDIA Corporation\PhysX\Common;C:\Program Files\Java\jre1.8.0_421\bin;C:\Program Files\Java\jdk-22\bin;C:\Program Files\NVIDIA Corporation\NVIDIA app\NvDLISR;d:\Software\cursor\resources\app\bin;C:\Program Files\Git\cmd;C:\Program Files\Java\jre1.8.0_421\bin;D:\IntelliJ IDEA Community Edition 2024.1.4\bin;;D:\Software\IntelliJ IDEA 2024.3.5\bin;;D:\Software\Windsurf\bin;C:\Users\user\Desktop\Software\cursor\resources\app\bin;.]
21-May-2025 10:13:17.637 INFO [main] org.apache.coyote.AbstractProtocol.init Initializing ProtocolHandler ["http-nio-8080"]
21-May-2025 10:13:17.668 INFO [main] org.apache.catalina.startup.Catalina.load Server initialization in [634] milliseconds
21-May-2025 10:13:17.744 INFO [main] org.apache.catalina.core.StandardService.startInternal Starting service [Catalina]
21-May-2025 10:13:17.744 INFO [main] org.apache.catalina.core.StandardEngine.startInternal Starting Servlet engine: [Apache Tomcat/9.0.104]
21-May-2025 10:13:17.755 INFO [main] org.apache.catalina.startup.HostConfig.deployDescriptor Deploying deployment descriptor [C:\Users\user\Desktop\final one\Movie\conf\Catalina\localhost\Movie_rental.xml]
21-May-2025 10:13:18.399 INFO [main] org.apache.jasper.servlet.TldScanner.scanJars At least one JAR was scanned for TLDs yet contained no TLDs. Enable debug logging for this logger for a complete list of JARs that were scanned but no TLDs were found in them. Skipping unneeded JARs during scanning can improve startup time and JSP compilation time.
21-May-2025 10:13:18.508 INFO [main] org.apache.catalina.startup.HostConfig.deployDescriptor Deployment of deployment descriptor [C:\Users\user\Desktop\final one\Movie\conf\Catalina\localhost\Movie_rental.xml] has finished in [752] ms
21-May-2025 10:13:18.512 INFO [main] org.apache.coyote.AbstractProtocol.start Starting ProtocolHandler ["http-nio-8080"]
21-May-2025 10:13:18.540 INFO [main] org.apache.catalina.startup.Catalina.start Server startup in [869] milliseconds
21-May-2025 10:13:28.781 INFO [Thread-1] org.apache.coyote.AbstractProtocol.pause Pausing ProtocolHandler ["http-nio-8080"]
21-May-2025 10:13:28.797 INFO [Thread-1] org.apache.catalina.core.StandardService.stopInternal Stopping service [Catalina]
21-May-2025 10:13:28.821 INFO [Thread-1] org.apache.coyote.AbstractProtocol.stop Stopping ProtocolHandler ["http-nio-8080"]
